app/build/intermediates/manifest_merge_blame_file/debug/manifest-merger-blame-debug-report.txt
1<?xml version="1.0" encoding="utf-8"?>
2<manifest xmlns:android="http://schemas.android.com/apk/res/android"
3    package="com.supremainc.android.mobile_credential_android_sample"
4    android:versionCode="3"
5    android:versionName="2.3" >
6
7    <uses-sdk
8        android:minSdkVersion="23"
8-->src\main\AndroidManifest.xml
9        android:targetSdkVersion="33" />
9-->src\main\AndroidManifest.xml
10
11    <uses-permission android:name="android.permission.VIBRATE" />
11-->src\main\AndroidManifest.xml:5:5-65
11-->src\main\AndroidManifest.xml:5:22-63
12    <uses-permission android:name="android.permission.ACCESS_FINE_LOCATION" />
12-->src\main\AndroidManifest.xml:6:5-78
12-->src\main\AndroidManifest.xml:6:22-76
13    <uses-permission android:name="android.permission.ACCESS_COARSE_LOCATION" />
13-->src\main\AndroidManifest.xml:7:5-81
13-->src\main\AndroidManifest.xml:7:22-78
14    <uses-permission android:name="android.permission.ACCESS_BACKGROUND_LOCATION" />
14-->src\main\AndroidManifest.xml:8:5-85
14-->src\main\AndroidManifest.xml:8:22-82
15    <uses-permission android:name="android.permission.FOREGROUND_SERVICE" />
15-->src\main\AndroidManifest.xml:9:5-76
15-->src\main\AndroidManifest.xml:9:22-74
16    <uses-permission
16-->src\main\AndroidManifest.xml:10:5-11:38
17        android:name="android.permission.BLUETOOTH"
17-->src\main\AndroidManifest.xml:10:22-65
18        android:maxSdkVersion="30" />
18-->src\main\AndroidManifest.xml:11:9-35
19    <uses-permission
19-->src\main\AndroidManifest.xml:12:5-13:38
20        android:name="android.permission.BLUETOOTH_ADMIN"
20-->src\main\AndroidManifest.xml:12:22-71
21        android:maxSdkVersion="30" />
21-->src\main\AndroidManifest.xml:13:9-35
22    <uses-permission android:name="android.permission.BLUETOOTH_SCAN" />
22-->src\main\AndroidManifest.xml:14:5-73
22-->src\main\AndroidManifest.xml:14:22-70
23    <uses-permission android:name="android.permission.BLUETOOTH_ADVERTISE" />
23-->src\main\AndroidManifest.xml:15:5-78
23-->src\main\AndroidManifest.xml:15:22-75
24    <uses-permission android:name="android.permission.BLUETOOTH_CONNECT" />
24-->src\main\AndroidManifest.xml:16:5-76
24-->src\main\AndroidManifest.xml:16:22-73
25    <uses-permission android:name="android.permission.NFC" />
25-->src\main\AndroidManifest.xml:17:5-61
25-->src\main\AndroidManifest.xml:17:22-59
26    <uses-permission android:name="android.permission.SMARTCARD" />
26-->src\main\AndroidManifest.xml:18:5-67
26-->src\main\AndroidManifest.xml:18:22-65
27    <uses-permission android:name="android.permission.INTERNET" />
27-->[libsupremaac-2.3.25.aar] AndroidManifest.xml:24:5-67
27-->[libsupremaac-2.3.25.aar] AndroidManifest.xml:24:22-64
28    <uses-permission android:name="android.permission.ACCESS_NETWORK_STATE" />
28-->[libsupremaac-2.3.25.aar] AndroidManifest.xml:25:5-79
28-->[libsupremaac-2.3.25.aar] AndroidManifest.xml:25:22-76
29    <uses-permission android:name="android.permission.WAKE_LOCK" />
29-->[libsupremaac-2.3.25.aar] AndroidManifest.xml:26:5-68
29-->[libsupremaac-2.3.25.aar] AndroidManifest.xml:26:22-65
30    <uses-permission android:name="android.permission.SCHEDULE_EXACT_ALARM" />
30-->[libsupremaac-2.3.25.aar] AndroidManifest.xml:28:5-79
30-->[libsupremaac-2.3.25.aar] AndroidManifest.xml:28:22-76
31
32    <uses-feature
32-->[libsupremaac-2.3.25.aar] AndroidManifest.xml:30:5-32:36
33        android:name="android.hardware.nfc.hce"
33-->[libsupremaac-2.3.25.aar] AndroidManifest.xml:31:9-48
34        android:required="false" />
34-->[libsupremaac-2.3.25.aar] AndroidManifest.xml:32:9-33
35    <uses-feature
35-->[libsupremaac-2.3.25.aar] AndroidManifest.xml:33:5-35:35
36        android:name="android.hardware.sensor.accelerometer"
36-->[libsupremaac-2.3.25.aar] AndroidManifest.xml:34:9-61
37        android:required="true" />
37-->[libsupremaac-2.3.25.aar] AndroidManifest.xml:35:9-32
38
39    <uses-permission android:name="android.permission.RECEIVE_BOOT_COMPLETED" />
39-->[androidx.work:work-runtime:2.7.1] AndroidManifest.xml:27:5-81
39-->[androidx.work:work-runtime:2.7.1] AndroidManifest.xml:27:22-78
40
41    <permission
41-->[androidx.core:core:1.9.0] AndroidManifest.xml:22:5-24:47
42        android:name="com.supremainc.android.mobile_credential_android_sample.DYNAMIC_RECEIVER_NOT_EXPORTED_PERMISSION"
42-->[androidx.core:core:1.9.0] AndroidManifest.xml:23:9-81
43        android:protectionLevel="signature" />
43-->[androidx.core:core:1.9.0] AndroidManifest.xml:24:9-44
44
45    <uses-permission android:name="com.supremainc.android.mobile_credential_android_sample.DYNAMIC_RECEIVER_NOT_EXPORTED_PERMISSION" />
45-->[androidx.core:core:1.9.0] AndroidManifest.xml:26:5-97
45-->[androidx.core:core:1.9.0] AndroidManifest.xml:26:22-94
46
47    <application
47-->src\main\AndroidManifest.xml:20:5-70:19
48        android:allowBackup="true"
48-->src\main\AndroidManifest.xml:21:9-35
49        android:appComponentFactory="androidx.core.app.CoreComponentFactory"
49-->[androidx.core:core:1.9.0] AndroidManifest.xml:28:18-86
50        android:debuggable="true"
51        android:extractNativeLibs="false"
52        android:icon="@mipmap/ic_launcher"
52-->src\main\AndroidManifest.xml:22:9-43
53        android:label="@string/app_name"
53-->src\main\AndroidManifest.xml:23:9-41
54        android:roundIcon="@mipmap/ic_launcher_round"
54-->src\main\AndroidManifest.xml:24:9-54
55        android:supportsRtl="true"
55-->src\main\AndroidManifest.xml:25:9-35
56        android:testOnly="true"
57        android:theme="@style/AppTheme" >
57-->src\main\AndroidManifest.xml:26:9-40
58        <activity
58-->src\main\AndroidManifest.xml:28:9-39:20
59            android:name="com.supremainc.android.mobile_credential_android_sample.MainActivity"
59-->src\main\AndroidManifest.xml:31:13-41
60            android:exported="true"
60-->src\main\AndroidManifest.xml:29:13-36
61            android:label="@string/app_name"
61-->src\main\AndroidManifest.xml:32:13-45
62            android:screenOrientation="portrait"
62-->src\main\AndroidManifest.xml:30:13-49
63            android:theme="@style/AppTheme.NoActionBar" >
63-->src\main\AndroidManifest.xml:33:13-56
64            <intent-filter>
64-->src\main\AndroidManifest.xml:34:13-38:29
65                <action android:name="android.intent.action.MAIN" />
65-->src\main\AndroidManifest.xml:35:17-69
65-->src\main\AndroidManifest.xml:35:25-66
66
67                <category android:name="android.intent.category.LAUNCHER" />
67-->src\main\AndroidManifest.xml:36:17-77
67-->src\main\AndroidManifest.xml:36:27-74
68
69                <action android:name="android.intent.action.VIEW" />
69-->src\main\AndroidManifest.xml:37:17-69
69-->src\main\AndroidManifest.xml:37:25-66
70            </intent-filter>
71        </activity>
72        <activity
72-->src\main\AndroidManifest.xml:41:9-46:20
73            android:name="com.supremainc.android.mobile_credential_android_sample.ShowCardActivity"
73-->src\main\AndroidManifest.xml:43:13-45
74            android:label="@string/app_name"
74-->src\main\AndroidManifest.xml:44:13-45
75            android:screenOrientation="portrait"
75-->src\main\AndroidManifest.xml:42:13-49
76            android:theme="@style/AppTheme.NoActionBar" >
76-->src\main\AndroidManifest.xml:45:13-56
77        </activity>
78
79        <service
79-->src\main\AndroidManifest.xml:49:9-60:19
80            android:name="com.supremainc.android.libsupremaac.nfc.AcNFCService"
80-->src\main\AndroidManifest.xml:50:13-80
81            android:exported="true"
81-->src\main\AndroidManifest.xml:51:13-36
82            android:permission="android.permission.BIND_NFC_SERVICE" >
82-->src\main\AndroidManifest.xml:52:13-69
83            <intent-filter>
83-->src\main\AndroidManifest.xml:53:13-56:29
84                <action android:name="android.nfc.cardemulation.action.HOST_APDU_SERVICE" />
84-->src\main\AndroidManifest.xml:54:17-92
84-->src\main\AndroidManifest.xml:54:25-90
85
86                <category android:name="android.intent.category.DEFAULT" />
86-->src\main\AndroidManifest.xml:55:17-75
86-->src\main\AndroidManifest.xml:55:27-73
87            </intent-filter>
88
89            <meta-data
89-->src\main\AndroidManifest.xml:57:13-59:51
90                android:name="android.nfc.cardemulation.host_apdu_service"
90-->src\main\AndroidManifest.xml:58:17-75
91                android:resource="@xml/aid_list" />
91-->src\main\AndroidManifest.xml:59:17-49
92        </service>
93        <service
93-->src\main\AndroidManifest.xml:62:9-65:39
94            android:name="com.supremainc.android.libsupremaac.SupremaAcService"
94-->src\main\AndroidManifest.xml:63:13-80
95            android:enabled="true"
95-->src\main\AndroidManifest.xml:64:13-35
96            android:exported="false" />
96-->src\main\AndroidManifest.xml:65:13-37
97
98        <receiver android:name="com.supremainc.android.libsupremaac.ble.ScanAlarmReceiver" />
98-->src\main\AndroidManifest.xml:67:9-94
98-->src\main\AndroidManifest.xml:67:19-91
99
100        <provider
100-->[androidx.work:work-runtime:2.7.1] AndroidManifest.xml:31:9-39:20
101            android:name="androidx.startup.InitializationProvider"
101-->[androidx.work:work-runtime:2.7.1] AndroidManifest.xml:32:13-67
102            android:authorities="com.supremainc.android.mobile_credential_android_sample.androidx-startup"
102-->[androidx.work:work-runtime:2.7.1] AndroidManifest.xml:33:13-68
103            android:exported="false" >
103-->[androidx.work:work-runtime:2.7.1] AndroidManifest.xml:34:13-37
104            <meta-data
104-->[androidx.work:work-runtime:2.7.1] AndroidManifest.xml:36:13-38:52
105                android:name="androidx.work.WorkManagerInitializer"
105-->[androidx.work:work-runtime:2.7.1] AndroidManifest.xml:37:17-68
106                android:value="androidx.startup" />
106-->[androidx.work:work-runtime:2.7.1] AndroidManifest.xml:38:17-49
107            <meta-data
107-->[androidx.emoji2:emoji2:1.2.0] AndroidManifest.xml:29:13-31:52
108                android:name="androidx.emoji2.text.EmojiCompatInitializer"
108-->[androidx.emoji2:emoji2:1.2.0] AndroidManifest.xml:30:17-75
109                android:value="androidx.startup" />
109-->[androidx.emoji2:emoji2:1.2.0] AndroidManifest.xml:31:17-49
110            <meta-data
110-->[androidx.lifecycle:lifecycle-process:2.4.1] AndroidManifest.xml:31:13-33:52
111                android:name="androidx.lifecycle.ProcessLifecycleInitializer"
111-->[androidx.lifecycle:lifecycle-process:2.4.1] AndroidManifest.xml:32:17-78
112                android:value="androidx.startup" />
112-->[androidx.lifecycle:lifecycle-process:2.4.1] AndroidManifest.xml:33:17-49
113        </provider>
114
115        <service
115-->[androidx.work:work-runtime:2.7.1] AndroidManifest.xml:41:9-46:35
116            android:name="androidx.work.impl.background.systemalarm.SystemAlarmService"
116-->[androidx.work:work-runtime:2.7.1] AndroidManifest.xml:42:13-88
117            android:directBootAware="false"
117-->[androidx.work:work-runtime:2.7.1] AndroidManifest.xml:43:13-44
118            android:enabled="@bool/enable_system_alarm_service_default"
118-->[androidx.work:work-runtime:2.7.1] AndroidManifest.xml:44:13-72
119            android:exported="false" />
119-->[androidx.work:work-runtime:2.7.1] AndroidManifest.xml:45:13-37
120        <service
120-->[androidx.work:work-runtime:2.7.1] AndroidManifest.xml:47:9-53:35
121            android:name="androidx.work.impl.background.systemjob.SystemJobService"
121-->[androidx.work:work-runtime:2.7.1] AndroidManifest.xml:48:13-84
122            android:directBootAware="false"
122-->[androidx.work:work-runtime:2.7.1] AndroidManifest.xml:49:13-44
123            android:enabled="@bool/enable_system_job_service_default"
123-->[androidx.work:work-runtime:2.7.1] AndroidManifest.xml:50:13-70
124            android:exported="true"
124-->[androidx.work:work-runtime:2.7.1] AndroidManifest.xml:51:13-36
125            android:permission="android.permission.BIND_JOB_SERVICE" />
125-->[androidx.work:work-runtime:2.7.1] AndroidManifest.xml:52:13-69
126        <service
126-->[androidx.work:work-runtime:2.7.1] AndroidManifest.xml:54:9-59:35
127            android:name="androidx.work.impl.foreground.SystemForegroundService"
127-->[androidx.work:work-runtime:2.7.1] AndroidManifest.xml:55:13-81
128            android:directBootAware="false"
128-->[androidx.work:work-runtime:2.7.1] AndroidManifest.xml:56:13-44
129            android:enabled="@bool/enable_system_foreground_service_default"
129-->[androidx.work:work-runtime:2.7.1] AndroidManifest.xml:57:13-77
130            android:exported="false" />
130-->[androidx.work:work-runtime:2.7.1] AndroidManifest.xml:58:13-37
131
132        <receiver
132-->[androidx.work:work-runtime:2.7.1] AndroidManifest.xml:61:9-66:35
133            android:name="androidx.work.impl.utils.ForceStopRunnable$BroadcastReceiver"
133-->[androidx.work:work-runtime:2.7.1] AndroidManifest.xml:62:13-88
134            android:directBootAware="false"
134-->[androidx.work:work-runtime:2.7.1] AndroidManifest.xml:63:13-44
135            android:enabled="true"
135-->[androidx.work:work-runtime:2.7.1] AndroidManifest.xml:64:13-35
136            android:exported="false" />
136-->[androidx.work:work-runtime:2.7.1] AndroidManifest.xml:65:13-37
137        <receiver
137-->[androidx.work:work-runtime:2.7.1] AndroidManifest.xml:67:9-77:20
138            android:name="androidx.work.impl.background.systemalarm.ConstraintProxy$BatteryChargingProxy"
138-->[androidx.work:work-runtime:2.7.1] AndroidManifest.xml:68:13-106
139            android:directBootAware="false"
139-->[androidx.work:work-runtime:2.7.1] AndroidManifest.xml:69:13-44
140            android:enabled="false"
140-->[androidx.work:work-runtime:2.7.1] AndroidManifest.xml:70:13-36
141            android:exported="false" >
141-->[androidx.work:work-runtime:2.7.1] AndroidManifest.xml:71:13-37
142            <intent-filter>
142-->[androidx.work:work-runtime:2.7.1] AndroidManifest.xml:73:13-76:29
143                <action android:name="android.intent.action.ACTION_POWER_CONNECTED" />
143-->[androidx.work:work-runtime:2.7.1] AndroidManifest.xml:74:17-87
143-->[androidx.work:work-runtime:2.7.1] AndroidManifest.xml:74:25-84
144                <action android:name="android.intent.action.ACTION_POWER_DISCONNECTED" />
144-->[androidx.work:work-runtime:2.7.1] AndroidManifest.xml:75:17-90
144-->[androidx.work:work-runtime:2.7.1] AndroidManifest.xml:75:25-87
145            </intent-filter>
146        </receiver>
147        <receiver
147-->[androidx.work:work-runtime:2.7.1] AndroidManifest.xml:78:9-88:20
148            android:name="androidx.work.impl.background.systemalarm.ConstraintProxy$BatteryNotLowProxy"
148-->[androidx.work:work-runtime:2.7.1] AndroidManifest.xml:79:13-104
149            android:directBootAware="false"
149-->[androidx.work:work-runtime:2.7.1] AndroidManifest.xml:80:13-44
150            android:enabled="false"
150-->[androidx.work:work-runtime:2.7.1] AndroidManifest.xml:81:13-36
151            android:exported="false" >
151-->[androidx.work:work-runtime:2.7.1] AndroidManifest.xml:82:13-37
152            <intent-filter>
152-->[androidx.work:work-runtime:2.7.1] AndroidManifest.xml:84:13-87:29
153                <action android:name="android.intent.action.BATTERY_OKAY" />
153-->[androidx.work:work-runtime:2.7.1] AndroidManifest.xml:85:17-77
153-->[androidx.work:work-runtime:2.7.1] AndroidManifest.xml:85:25-74
154                <action android:name="android.intent.action.BATTERY_LOW" />
154-->[androidx.work:work-runtime:2.7.1] AndroidManifest.xml:86:17-76
154-->[androidx.work:work-runtime:2.7.1] AndroidManifest.xml:86:25-73
155            </intent-filter>
156        </receiver>
157        <receiver
157-->[androidx.work:work-runtime:2.7.1] AndroidManifest.xml:89:9-99:20
158            android:name="androidx.work.impl.background.systemalarm.ConstraintProxy$StorageNotLowProxy"
158-->[androidx.work:work-runtime:2.7.1] AndroidManifest.xml:90:13-104
159            android:directBootAware="false"
159-->[androidx.work:work-runtime:2.7.1] AndroidManifest.xml:91:13-44
160            android:enabled="false"
160-->[androidx.work:work-runtime:2.7.1] AndroidManifest.xml:92:13-36
161            android:exported="false" >
161-->[androidx.work:work-runtime:2.7.1] AndroidManifest.xml:93:13-37
162            <intent-filter>
162-->[androidx.work:work-runtime:2.7.1] AndroidManifest.xml:95:13-98:29
163                <action android:name="android.intent.action.DEVICE_STORAGE_LOW" />
163-->[androidx.work:work-runtime:2.7.1] AndroidManifest.xml:96:17-83
163-->[androidx.work:work-runtime:2.7.1] AndroidManifest.xml:96:25-80
164                <action android:name="android.intent.action.DEVICE_STORAGE_OK" />
164-->[androidx.work:work-runtime:2.7.1] AndroidManifest.xml:97:17-82
164-->[androidx.work:work-runtime:2.7.1] AndroidManifest.xml:97:25-79
165            </intent-filter>
166        </receiver>
167        <receiver
167-->[androidx.work:work-runtime:2.7.1] AndroidManifest.xml:100:9-109:20
168            android:name="androidx.work.impl.background.systemalarm.ConstraintProxy$NetworkStateProxy"
168-->[androidx.work:work-runtime:2.7.1] AndroidManifest.xml:101:13-103
169            android:directBootAware="false"
169-->[androidx.work:work-runtime:2.7.1] AndroidManifest.xml:102:13-44
170            android:enabled="false"
170-->[androidx.work:work-runtime:2.7.1] AndroidManifest.xml:103:13-36
171            android:exported="false" >
171-->[androidx.work:work-runtime:2.7.1] AndroidManifest.xml:104:13-37
172            <intent-filter>
172-->[androidx.work:work-runtime:2.7.1] AndroidManifest.xml:106:13-108:29
173                <action android:name="android.net.conn.CONNECTIVITY_CHANGE" />
173-->[androidx.work:work-runtime:2.7.1] AndroidManifest.xml:107:17-79
173-->[androidx.work:work-runtime:2.7.1] AndroidManifest.xml:107:25-76
174            </intent-filter>
175        </receiver>
176        <receiver
176-->[androidx.work:work-runtime:2.7.1] AndroidManifest.xml:110:9-121:20
177            android:name="androidx.work.impl.background.systemalarm.RescheduleReceiver"
177-->[androidx.work:work-runtime:2.7.1] AndroidManifest.xml:111:13-88
178            android:directBootAware="false"
178-->[androidx.work:work-runtime:2.7.1] AndroidManifest.xml:112:13-44
179            android:enabled="false"
179-->[androidx.work:work-runtime:2.7.1] AndroidManifest.xml:113:13-36
180            android:exported="false" >
180-->[androidx.work:work-runtime:2.7.1] AndroidManifest.xml:114:13-37
181            <intent-filter>
181-->[androidx.work:work-runtime:2.7.1] AndroidManifest.xml:116:13-120:29
182                <action android:name="android.intent.action.BOOT_COMPLETED" />
182-->[androidx.work:work-runtime:2.7.1] AndroidManifest.xml:117:17-79
182-->[androidx.work:work-runtime:2.7.1] AndroidManifest.xml:117:25-76
183                <action android:name="android.intent.action.TIME_SET" />
183-->[androidx.work:work-runtime:2.7.1] AndroidManifest.xml:118:17-73
183-->[androidx.work:work-runtime:2.7.1] AndroidManifest.xml:118:25-70
184                <action android:name="android.intent.action.TIMEZONE_CHANGED" />
184-->[androidx.work:work-runtime:2.7.1] AndroidManifest.xml:119:17-81
184-->[androidx.work:work-runtime:2.7.1] AndroidManifest.xml:119:25-78
185            </intent-filter>
186        </receiver>
187        <receiver
187-->[androidx.work:work-runtime:2.7.1] AndroidManifest.xml:122:9-131:20
188            android:name="androidx.work.impl.background.systemalarm.ConstraintProxyUpdateReceiver"
188-->[androidx.work:work-runtime:2.7.1] AndroidManifest.xml:123:13-99
189            android:directBootAware="false"
189-->[androidx.work:work-runtime:2.7.1] AndroidManifest.xml:124:13-44
190            android:enabled="@bool/enable_system_alarm_service_default"
190-->[androidx.work:work-runtime:2.7.1] AndroidManifest.xml:125:13-72
191            android:exported="false" >
191-->[androidx.work:work-runtime:2.7.1] AndroidManifest.xml:126:13-37
192            <intent-filter>
192-->[androidx.work:work-runtime:2.7.1] AndroidManifest.xml:128:13-130:29
193                <action android:name="androidx.work.impl.background.systemalarm.UpdateProxies" />
193-->[androidx.work:work-runtime:2.7.1] AndroidManifest.xml:129:17-98
193-->[androidx.work:work-runtime:2.7.1] AndroidManifest.xml:129:25-95
194            </intent-filter>
195        </receiver>
196        <receiver
196-->[androidx.work:work-runtime:2.7.1] AndroidManifest.xml:132:9-142:20
197            android:name="androidx.work.impl.diagnostics.DiagnosticsReceiver"
197-->[androidx.work:work-runtime:2.7.1] AndroidManifest.xml:133:13-78
198            android:directBootAware="false"
198-->[androidx.work:work-runtime:2.7.1] AndroidManifest.xml:134:13-44
199            android:enabled="true"
199-->[androidx.work:work-runtime:2.7.1] AndroidManifest.xml:135:13-35
200            android:exported="true"
200-->[androidx.work:work-runtime:2.7.1] AndroidManifest.xml:136:13-36
201            android:permission="android.permission.DUMP" >
201-->[androidx.work:work-runtime:2.7.1] AndroidManifest.xml:137:13-57
202            <intent-filter>
202-->[androidx.work:work-runtime:2.7.1] AndroidManifest.xml:139:13-141:29
203                <action android:name="androidx.work.diagnostics.REQUEST_DIAGNOSTICS" />
203-->[androidx.work:work-runtime:2.7.1] AndroidManifest.xml:140:17-88
203-->[androidx.work:work-runtime:2.7.1] AndroidManifest.xml:140:25-85
204            </intent-filter>
205        </receiver>
206
207        <service
207-->[androidx.room:room-runtime:2.5.0] AndroidManifest.xml:24:9-28:63
208            android:name="androidx.room.MultiInstanceInvalidationService"
208-->[androidx.room:room-runtime:2.5.0] AndroidManifest.xml:25:13-74
209            android:directBootAware="true"
209-->[androidx.room:room-runtime:2.5.0] AndroidManifest.xml:26:13-43
210            android:exported="false" />
210-->[androidx.room:room-runtime:2.5.0] AndroidManifest.xml:27:13-37
211    </application>
212
213</manifest>